00:40:20 - scarred_winds - INFO - Starting Scarred Winds...
00:40:21 - scarred_winds - INFO - Pygame core initialized
00:40:21 - scarred_winds - INFO - Pygame mixer initialized
00:40:21 - scarred_winds - INFO - Pygame font initialized
00:40:21 - scarred_winds - INFO - Loading start_screen...
00:40:33 - scarred_winds - INFO - Loading main_menu...
00:40:35 - scarred_winds - INFO - Loading settings screen...
00:40:36 - scarred_winds - INFO - Settings updated: {'master_volume': 70, 'music_volume': 60, 'sfx_volume': 80, 'fullscreen': True, 'vsync': True}
00:40:36 - scarred_winds - INFO - Loading main_menu...
00:40:38 - scarred_winds - INFO - New Game selected - loading character creation...
00:40:38 - scarred_winds - INFO - Loading character_creation...
00:40:40 - scarred_winds - INFO - Loading name_gender_entry...
00:40:50 - scarred_winds - INFO - Loading main_menu...
00:40:51 - scarred_winds - INFO - Game ended.
00:40:51 - scarred_winds - INFO - Pygame cleaned up
00:41:05 - scarred_winds - INFO - Starting Scarred Winds...
00:41:06 - scarred_winds - INFO - Pygame core initialized
00:41:06 - scarred_winds - INFO - Pygame mixer initialized
00:41:06 - scarred_winds - INFO - Pygame font initialized
00:41:06 - scarred_winds - INFO - Loading start_screen...
00:41:39 - scarred_winds - INFO - Loading main_menu...
00:41:40 - scarred_winds - INFO - Game ended.
00:41:40 - scarred_winds - INFO - Pygame cleaned up
00:43:06 - scarred_winds - INFO - Starting Scarred Winds...
00:43:07 - scarred_winds - INFO - Pygame core initialized
00:43:07 - scarred_winds - INFO - Pygame mixer initialized
00:43:07 - scarred_winds - INFO - Pygame font initialized
00:43:07 - scarred_winds - INFO - Loading start_screen...
00:43:21 - scarred_winds - INFO - Loading main_menu...
00:43:22 - scarred_winds - INFO - Game ended.
00:43:22 - scarred_winds - INFO - Pygame cleaned up
00:48:19 - scarred_winds - INFO - Starting Scarred Winds...
00:48:20 - scarred_winds - INFO - Pygame core initialized
00:48:20 - scarred_winds - INFO - Pygame mixer initialized
00:48:20 - scarred_winds - INFO - Pygame font initialized
00:48:20 - scarred_winds - INFO - Loading start_screen...
00:48:21 - scarred_winds - ERROR - Unexpected error: name 'dt' is not defined
00:48:21 - scarred_winds - INFO - Pygame cleaned up
00:48:28 - scarred_winds - INFO - Starting Scarred Winds...
00:48:29 - scarred_winds - INFO - Pygame core initialized
00:48:29 - scarred_winds - INFO - Pygame mixer initialized
00:48:29 - scarred_winds - INFO - Pygame font initialized
00:48:29 - scarred_winds - INFO - Loading start_screen...
00:48:29 - scarred_winds - ERROR - Unexpected error: name 'dt' is not defined
00:48:29 - scarred_winds - INFO - Pygame cleaned up
00:49:01 - scarred_winds - INFO - Starting Scarred Winds...
00:49:01 - scarred_winds - INFO - Pygame core initialized
00:49:01 - scarred_winds - INFO - Pygame mixer initialized
00:49:01 - scarred_winds - INFO - Pygame font initialized
00:49:01 - scarred_winds - INFO - Loading start_screen...
00:49:02 - scarred_winds - ERROR - Unexpected error: name 'dt' is not defined
00:49:02 - scarred_winds - INFO - Pygame cleaned up
00:49:07 - scarred_winds - INFO - Starting Scarred Winds...
00:49:07 - scarred_winds - INFO - Pygame core initialized
00:49:07 - scarred_winds - INFO - Pygame mixer initialized
00:49:07 - scarred_winds - INFO - Pygame font initialized
00:49:07 - scarred_winds - INFO - Loading start_screen...
00:49:07 - scarred_winds - ERROR - Unexpected error: name 'dt' is not defined
00:49:07 - scarred_winds - INFO - Pygame cleaned up
00:49:49 - scarred_winds - INFO - Starting Scarred Winds...
00:49:49 - scarred_winds - INFO - Pygame core initialized
00:49:49 - scarred_winds - INFO - Pygame mixer initialized
00:49:49 - scarred_winds - INFO - Pygame font initialized
00:49:49 - scarred_winds - INFO - Loading start_screen...
00:50:08 - scarred_winds - INFO - Loading main_menu...
00:50:09 - scarred_winds - INFO - Game ended.
00:50:09 - scarred_winds - INFO - Pygame cleaned up
00:51:03 - scarred_winds - INFO - Starting Scarred Winds...
00:51:03 - scarred_winds - INFO - Pygame core initialized
00:51:03 - scarred_winds - INFO - Pygame mixer initialized
00:51:03 - scarred_winds - INFO - Pygame font initialized
00:51:03 - scarred_winds - INFO - Loading start_screen...
00:51:21 - scarred_winds - INFO - Loading main_menu...
00:51:22 - scarred_winds - INFO - Game ended.
00:51:22 - scarred_winds - INFO - Pygame cleaned up
00:53:02 - scarred_winds - INFO - Starting Scarred Winds...
00:53:03 - scarred_winds - INFO - Pygame core initialized
00:53:03 - scarred_winds - INFO - Pygame mixer initialized
00:53:03 - scarred_winds - INFO - Pygame font initialized
00:53:03 - scarred_winds - INFO - Loading start_screen...
00:54:08 - scarred_winds - INFO - Loading main_menu...
00:54:10 - scarred_winds - INFO - Game ended.
00:54:10 - scarred_winds - INFO - Pygame cleaned up
00:56:04 - scarred_winds - INFO - Starting Scarred Winds...
00:56:04 - scarred_winds - INFO - Pygame core initialized
00:56:04 - scarred_winds - INFO - Pygame mixer initialized
00:56:04 - scarred_winds - INFO - Pygame font initialized
00:56:04 - scarred_winds - INFO - Loading start_screen...
00:56:36 - scarred_winds - INFO - Loading main_menu...
00:56:37 - scarred_winds - INFO - Game ended.
00:56:37 - scarred_winds - INFO - Pygame cleaned up
00:57:27 - scarred_winds - INFO - Starting Scarred Winds...
00:57:28 - scarred_winds - INFO - Pygame core initialized
00:57:28 - scarred_winds - INFO - Pygame mixer initialized
00:57:28 - scarred_winds - INFO - Pygame font initialized
00:57:28 - scarred_winds - INFO - Loading start_screen...
00:57:28 - scarred_winds - ERROR - Unexpected error: 'Flame' object has no attribute 'beat_detected'
00:57:28 - scarred_winds - INFO - Pygame cleaned up
00:57:39 - scarred_winds - INFO - Starting Scarred Winds...
00:57:39 - scarred_winds - INFO - Pygame core initialized
00:57:39 - scarred_winds - INFO - Pygame mixer initialized
00:57:39 - scarred_winds - INFO - Pygame font initialized
00:57:39 - scarred_winds - INFO - Loading start_screen...
00:57:39 - scarred_winds - ERROR - Unexpected error: 'Flame' object has no attribute 'beat_detected'
00:57:40 - scarred_winds - INFO - Pygame cleaned up
00:58:09 - scarred_winds - INFO - Starting Scarred Winds...
00:58:09 - scarred_winds - INFO - Pygame core initialized
00:58:09 - scarred_winds - INFO - Pygame mixer initialized
00:58:09 - scarred_winds - INFO - Pygame font initialized
00:58:09 - scarred_winds - INFO - Loading start_screen...
00:58:10 - scarred_winds - ERROR - Unexpected error: 'Flame' object has no attribute 'bass_level'
00:58:10 - scarred_winds - INFO - Pygame cleaned up
00:58:42 - scarred_winds - INFO - Starting Scarred Winds...
00:58:43 - scarred_winds - INFO - Pygame core initialized
00:58:43 - scarred_winds - INFO - Pygame mixer initialized
00:58:43 - scarred_winds - INFO - Pygame font initialized
00:58:43 - scarred_winds - INFO - Loading start_screen...
00:59:11 - scarred_winds - INFO - Loading main_menu...
00:59:12 - scarred_winds - INFO - Game ended.
00:59:13 - scarred_winds - INFO - Pygame cleaned up
01:00:06 - scarred_winds - INFO - Starting Scarred Winds...
01:00:06 - scarred_winds - INFO - Pygame core initialized
01:00:06 - scarred_winds - INFO - Pygame mixer initialized
01:00:06 - scarred_winds - INFO - Pygame font initialized
01:00:06 - scarred_winds - INFO - Loading start_screen...
01:00:17 - scarred_winds - INFO - Loading main_menu...
01:00:18 - scarred_winds - INFO - Game ended.
01:00:18 - scarred_winds - INFO - Pygame cleaned up
01:02:32 - scarred_winds - INFO - Starting Scarred Winds...
01:02:33 - scarred_winds - INFO - Pygame core initialized
01:02:33 - scarred_winds - INFO - Pygame mixer initialized
01:02:33 - scarred_winds - INFO - Pygame font initialized
01:02:33 - scarred_winds - INFO - Loading start_screen...
01:02:41 - scarred_winds - INFO - Loading main_menu...
01:02:42 - scarred_winds - INFO - Loading settings screen...
01:02:45 - scarred_winds - INFO - Settings updated: {'master_volume': 70, 'music_volume': 60, 'sfx_volume': 80, 'fullscreen': True, 'vsync': True}
01:02:45 - scarred_winds - INFO - Loading main_menu...
01:02:46 - scarred_winds - INFO - Game ended.
01:02:46 - scarred_winds - INFO - Pygame cleaned up
01:18:01 - scarred_winds - INFO - Starting Scarred Winds...
01:18:01 - scarred_winds - INFO - Pygame core initialized
01:18:01 - scarred_winds - INFO - Pygame mixer initialized
01:18:01 - scarred_winds - INFO - Pygame font initialized
01:18:01 - scarred_winds - INFO - Loading start_screen...
01:19:31 - scarred_winds - INFO - Starting Scarred Winds...
01:19:31 - scarred_winds - INFO - Pygame core initialized
01:19:31 - scarred_winds - INFO - Pygame mixer initialized
01:19:31 - scarred_winds - INFO - Pygame font initialized
01:19:31 - scarred_winds - INFO - Loading start_screen...
01:19:34 - scarred_winds - INFO - Loading main_menu...
01:19:35 - scarred_winds - INFO - Game ended.
01:19:35 - scarred_winds - INFO - Pygame cleaned up
05:11:27 - scarred_winds - INFO - Starting Scarred Winds...
05:11:27 - scarred_winds - INFO - Pygame core initialized
05:11:27 - scarred_winds - INFO - Pygame mixer initialized
05:11:27 - scarred_winds - INFO - Pygame font initialized
05:11:27 - scarred_winds - INFO - Loading start_screen...
05:11:43 - scarred_winds - INFO - Loading main_menu...
05:11:45 - scarred_winds - INFO - Game ended.
05:11:45 - scarred_winds - INFO - Pygame cleaned up
05:13:12 - scarred_winds - INFO - Starting Scarred Winds...
05:13:13 - scarred_winds - INFO - Pygame core initialized
05:13:13 - scarred_winds - INFO - Pygame mixer initialized
05:13:13 - scarred_winds - INFO - Pygame font initialized
05:13:13 - scarred_winds - INFO - Loading start_screen...
05:13:21 - scarred_winds - INFO - Loading main_menu...
05:13:23 - scarred_winds - INFO - Game ended.
05:13:23 - scarred_winds - INFO - Pygame cleaned up
05:15:09 - scarred_winds - INFO - Starting Scarred Winds...
05:15:09 - scarred_winds - INFO - Pygame core initialized
05:15:09 - scarred_winds - INFO - Pygame mixer initialized
05:15:09 - scarred_winds - INFO - Pygame font initialized
05:15:09 - scarred_winds - INFO - Loading start_screen...
05:15:19 - scarred_winds - INFO - Loading main_menu...
05:15:20 - scarred_winds - INFO - Game ended.
05:15:20 - scarred_winds - INFO - Pygame cleaned up
05:17:32 - scarred_winds - INFO - Starting Scarred Winds...
05:17:33 - scarred_winds - INFO - Pygame core initialized
05:17:33 - scarred_winds - INFO - Pygame mixer initialized
05:17:33 - scarred_winds - INFO - Pygame font initialized
05:17:33 - scarred_winds - INFO - Loading start_screen...
05:17:51 - scarred_winds - INFO - Loading main_menu...
05:17:52 - scarred_winds - INFO - Game ended.
05:17:52 - scarred_winds - INFO - Pygame cleaned up
05:17:54 - scarred_winds - INFO - Starting Scarred Winds...
05:17:55 - scarred_winds - INFO - Pygame core initialized
05:17:55 - scarred_winds - INFO - Pygame mixer initialized
05:17:55 - scarred_winds - INFO - Pygame font initialized
05:17:55 - scarred_winds - INFO - Loading start_screen...
05:18:25 - scarred_winds - INFO - Loading main_menu...
05:18:27 - scarred_winds - INFO - Game ended.
05:18:27 - scarred_winds - INFO - Pygame cleaned up
05:19:41 - scarred_winds - INFO - Starting Scarred Winds...
05:19:42 - scarred_winds - INFO - Pygame core initialized
05:19:42 - scarred_winds - INFO - Pygame mixer initialized
05:19:42 - scarred_winds - INFO - Pygame font initialized
05:19:42 - scarred_winds - INFO - Loading start_screen...
05:19:57 - scarred_winds - INFO - Loading main_menu...
05:19:59 - scarred_winds - INFO - Game ended.
05:19:59 - scarred_winds - INFO - Pygame cleaned up
05:21:21 - scarred_winds - INFO - Starting Scarred Winds...
05:21:22 - scarred_winds - INFO - Pygame core initialized
05:21:22 - scarred_winds - INFO - Pygame mixer initialized
05:21:22 - scarred_winds - INFO - Pygame font initialized
05:21:22 - scarred_winds - INFO - Loading start_screen...
05:21:33 - scarred_winds - INFO - Loading main_menu...
05:21:34 - scarred_winds - INFO - Game ended.
05:21:34 - scarred_winds - INFO - Pygame cleaned up
05:24:08 - scarred_winds - INFO - Starting Scarred Winds...
05:24:09 - scarred_winds - INFO - Pygame core initialized
05:24:09 - scarred_winds - INFO - Pygame mixer initialized
05:24:09 - scarred_winds - INFO - Pygame font initialized
05:24:09 - scarred_winds - INFO - Loading start_screen...
05:24:18 - scarred_winds - INFO - Loading main_menu...
05:24:19 - scarred_winds - INFO - Game ended.
05:24:19 - scarred_winds - INFO - Pygame cleaned up
05:28:57 - scarred_winds - INFO - Starting Scarred Winds...
05:28:58 - scarred_winds - INFO - Pygame core initialized
05:28:58 - scarred_winds - INFO - Pygame mixer initialized
05:28:58 - scarred_winds - INFO - Pygame font initialized
05:28:58 - scarred_winds - INFO - Loading start_screen...
05:29:24 - scarred_winds - INFO - Loading main_menu...
05:29:25 - scarred_winds - INFO - Game ended.
05:29:25 - scarred_winds - INFO - Pygame cleaned up
05:29:33 - scarred_winds - INFO - Starting Scarred Winds...
05:29:34 - scarred_winds - INFO - Pygame core initialized
05:29:34 - scarred_winds - INFO - Pygame mixer initialized
05:29:34 - scarred_winds - INFO - Pygame font initialized
05:29:34 - scarred_winds - INFO - Loading start_screen...
05:29:43 - scarred_winds - INFO - Loading main_menu...
05:29:51 - scarred_winds - INFO - Game ended.
05:29:51 - scarred_winds - INFO - Pygame cleaned up
05:34:19 - scarred_winds - INFO - Starting Scarred Winds...
05:34:20 - scarred_winds - INFO - Pygame core initialized
05:34:20 - scarred_winds - INFO - Pygame mixer initialized
05:34:20 - scarred_winds - INFO - Pygame font initialized
05:34:20 - scarred_winds - INFO - Loading start_screen...
05:34:32 - scarred_winds - INFO - Loading main_menu...
05:34:33 - scarred_winds - INFO - Game ended.
05:34:33 - scarred_winds - INFO - Pygame cleaned up
05:36:49 - scarred_winds - INFO - Starting Scarred Winds...
05:36:50 - scarred_winds - INFO - Pygame core initialized
05:36:50 - scarred_winds - INFO - Pygame mixer initialized
05:36:50 - scarred_winds - INFO - Pygame font initialized
05:36:50 - scarred_winds - INFO - Loading start_screen...
05:37:03 - scarred_winds - INFO - Loading main_menu...
05:37:05 - scarred_winds - INFO - Game ended.
05:37:05 - scarred_winds - INFO - Pygame cleaned up
05:42:58 - scarred_winds - INFO - Starting Scarred Winds...
05:42:59 - scarred_winds - INFO - Pygame core initialized
05:42:59 - scarred_winds - INFO - Pygame mixer initialized
05:42:59 - scarred_winds - INFO - Pygame font initialized
05:42:59 - scarred_winds - INFO - Loading start_screen...
05:42:59 - scarred_winds - ERROR - Unexpected error: Flame.update() takes 3 positional arguments but 4 were given
05:42:59 - scarred_winds - INFO - Pygame cleaned up
05:43:02 - scarred_winds - INFO - Starting Scarred Winds...
05:43:02 - scarred_winds - INFO - Pygame core initialized
05:43:02 - scarred_winds - INFO - Pygame mixer initialized
05:43:02 - scarred_winds - INFO - Pygame font initialized
05:43:02 - scarred_winds - INFO - Loading start_screen...
05:43:03 - scarred_winds - ERROR - Unexpected error: Flame.update() takes 3 positional arguments but 4 were given
05:43:03 - scarred_winds - INFO - Pygame cleaned up
05:43:11 - scarred_winds - INFO - Starting Scarred Winds...
05:43:11 - scarred_winds - INFO - Pygame core initialized
05:43:11 - scarred_winds - INFO - Pygame mixer initialized
05:43:11 - scarred_winds - INFO - Pygame font initialized
05:43:11 - scarred_winds - INFO - Loading start_screen...
05:43:17 - scarred_winds - INFO - Loading main_menu...
05:43:18 - scarred_winds - INFO - Game ended.
05:43:18 - scarred_winds - INFO - Pygame cleaned up
05:45:00 - scarred_winds - INFO - Starting Scarred Winds...
05:45:01 - scarred_winds - INFO - Pygame core initialized
05:45:01 - scarred_winds - INFO - Pygame mixer initialized
05:45:01 - scarred_winds - INFO - Pygame font initialized
05:45:01 - scarred_winds - INFO - Loading start_screen...
05:45:12 - scarred_winds - INFO - Loading main_menu...
05:45:13 - scarred_winds - INFO - Game ended.
05:45:14 - scarred_winds - INFO - Pygame cleaned up
05:48:11 - scarred_winds - INFO - Starting Scarred Winds...
05:48:12 - scarred_winds - INFO - Pygame core initialized
05:48:12 - scarred_winds - INFO - Pygame mixer initialized
05:48:12 - scarred_winds - INFO - Pygame font initialized
05:48:12 - scarred_winds - INFO - Loading start_screen...
05:48:51 - scarred_winds - INFO - Loading main_menu...
05:48:52 - scarred_winds - INFO - Game ended.
05:48:52 - scarred_winds - INFO - Pygame cleaned up
05:51:39 - scarred_winds - INFO - Starting Scarred Winds...
05:51:40 - scarred_winds - INFO - Pygame core initialized
05:51:40 - scarred_winds - INFO - Pygame mixer initialized
05:51:40 - scarred_winds - INFO - Pygame font initialized
05:51:40 - scarred_winds - INFO - Loading start_screen...
05:51:47 - scarred_winds - INFO - Loading main_menu...
05:51:54 - scarred_winds - INFO - New Game selected - loading character creation...
05:51:54 - scarred_winds - INFO - Loading character_creation...
05:51:57 - scarred_winds - INFO - Loading name_gender_entry...
05:52:01 - scarred_winds - INFO - Loading main_menu...
05:52:03 - scarred_winds - INFO - Game ended.
05:52:03 - scarred_winds - INFO - Pygame cleaned up
05:54:24 - scarred_winds - INFO - Initializing Viking Demo...
05:54:25 - scarred_winds - INFO - Pygame core initialized
05:54:25 - scarred_winds - INFO - Pygame mixer initialized
05:54:25 - scarred_winds - INFO - Pygame font initialized
05:54:25 - scarred_winds - INFO - Generating tile surfaces...
05:54:25 - scarred_winds - INFO - Created 5 tile types.
05:54:25 - scarred_winds - INFO - Starting main loop.
05:54:27 - scarred_winds - INFO - Exiting Viking Demo.
05:54:27 - scarred_winds - INFO - Pygame cleaned up
05:55:00 - scarred_winds - INFO - Initializing Viking Demo...
05:55:01 - scarred_winds - INFO - Pygame core initialized
05:55:01 - scarred_winds - INFO - Pygame mixer initialized
05:55:01 - scarred_winds - INFO - Pygame font initialized
05:55:01 - scarred_winds - INFO - Generating tile surfaces...
05:55:01 - scarred_winds - INFO - Created 5 tile types.
05:55:01 - scarred_winds - INFO - Starting main loop.
05:55:10 - scarred_winds - INFO - Exiting Viking Demo.
05:55:10 - scarred_winds - INFO - Pygame cleaned up
05:57:39 - scarred_winds - INFO - Initializing Viking Demo...
05:57:40 - scarred_winds - INFO - Pygame core initialized
05:57:40 - scarred_winds - INFO - Pygame mixer initialized
05:57:40 - scarred_winds - INFO - Pygame font initialized
05:57:40 - scarred_winds - INFO - Generating tile surfaces...
05:57:40 - scarred_winds - INFO - Created 7 tile types.
05:57:40 - scarred_winds - INFO - Starting main loop.
05:58:05 - scarred_winds - INFO - Exiting Viking Demo.
05:58:05 - scarred_winds - INFO - Pygame cleaned up
00:35:06 - scarred_winds - INFO - Starting Scarred Winds...
00:35:07 - scarred_winds - INFO - Pygame core initialized
00:35:07 - scarred_winds - INFO - Pygame mixer initialized
00:35:07 - scarred_winds - INFO - Pygame font initialized
00:35:07 - scarred_winds - INFO - Loading start_screen...
00:35:09 - scarred_winds - INFO - Loading main_menu...
00:35:10 - scarred_winds - INFO - Game ended.
00:35:11 - scarred_winds - INFO - Pygame cleaned up
03:18:49 - scarred_winds - INFO - Starting Scarred Winds...
03:18:50 - scarred_winds - INFO - Pygame core initialized
03:18:50 - scarred_winds - INFO - Pygame mixer initialized
03:18:50 - scarred_winds - INFO - Pygame font initialized
03:18:50 - scarred_winds - INFO - Loading start_screen...
03:19:00 - scarred_winds - INFO - Loading main_menu...
03:19:04 - scarred_winds - INFO - Loading settings screen...
03:19:12 - scarred_winds - INFO - Settings updated: {'master_volume': 100, 'music_volume': 100, 'sfx_volume': 100, 'fullscreen': True, 'vsync': True}
03:19:12 - scarred_winds - INFO - Loading main_menu...
03:19:14 - scarred_winds - INFO - New Game selected - loading character creation...
03:19:14 - scarred_winds - INFO - Loading character_creation...
03:19:16 - scarred_winds - INFO - Loading name_gender_entry...
03:19:29 - scarred_winds - INFO - Loading main_menu...
03:19:34 - scarred_winds - INFO - Game ended.
03:19:34 - scarred_winds - INFO - Pygame cleaned up
03:22:28 - scarred_winds - INFO - Starting Scarred Winds...
03:22:29 - scarred_winds - INFO - Pygame core initialized
03:22:29 - scarred_winds - INFO - Pygame mixer initialized
03:22:29 - scarred_winds - INFO - Pygame font initialized
03:22:29 - scarred_winds - INFO - Loading start_screen...
03:22:31 - scarred_winds - INFO - Loading main_menu...
03:22:32 - scarred_winds - INFO - Game ended.
03:22:32 - scarred_winds - INFO - Pygame cleaned up
03:29:37 - scarred_winds - INFO - Starting Scarred Winds...
03:29:37 - scarred_winds - INFO - Pygame core initialized
03:29:37 - scarred_winds - INFO - Pygame mixer initialized
03:29:37 - scarred_winds - INFO - Pygame font initialized
03:29:37 - scarred_winds - INFO - Loading start_screen...
03:29:42 - scarred_winds - INFO - Loading main_menu...
03:29:43 - scarred_winds - INFO - Game ended.
03:29:44 - scarred_winds - INFO - Pygame cleaned up
03:33:35 - scarred_winds - INFO - Starting Scarred Winds...
03:33:36 - scarred_winds - INFO - Pygame core initialized
03:33:36 - scarred_winds - INFO - Pygame mixer initialized
03:33:36 - scarred_winds - INFO - Pygame font initialized
03:33:36 - scarred_winds - INFO - Loading start_screen...
03:33:38 - scarred_winds - INFO - Loading main_menu...
03:33:39 - scarred_winds - ERROR - Unexpected error: invalid color argument
03:33:39 - scarred_winds - INFO - Pygame cleaned up
03:35:00 - scarred_winds - INFO - Starting Scarred Winds...
03:35:01 - scarred_winds - INFO - Pygame core initialized
03:35:01 - scarred_winds - INFO - Pygame mixer initialized
03:35:01 - scarred_winds - INFO - Pygame font initialized
03:35:01 - scarred_winds - INFO - Loading start_screen...
03:35:06 - scarred_winds - INFO - Loading main_menu...
03:35:07 - scarred_winds - ERROR - Unexpected error: invalid color argument
03:35:08 - scarred_winds - INFO - Pygame cleaned up
03:35:50 - scarred_winds - INFO - Starting Scarred Winds...
03:35:51 - scarred_winds - INFO - Pygame core initialized
03:35:51 - scarred_winds - INFO - Pygame mixer initialized
03:35:51 - scarred_winds - INFO - Pygame font initialized
03:35:51 - scarred_winds - INFO - Loading start_screen...
03:36:01 - scarred_winds - INFO - Loading main_menu...
03:36:02 - scarred_winds - ERROR - Unexpected error: invalid color argument
03:36:02 - scarred_winds - INFO - Pygame cleaned up
03:36:34 - scarred_winds - INFO - Starting Scarred Winds...
03:36:35 - scarred_winds - INFO - Pygame core initialized
03:36:35 - scarred_winds - INFO - Pygame mixer initialized
03:36:35 - scarred_winds - INFO - Pygame font initialized
03:36:35 - scarred_winds - INFO - Loading start_screen...
03:36:39 - scarred_winds - INFO - Loading main_menu...
03:37:27 - scarred_winds - INFO - Game ended.
03:37:27 - scarred_winds - INFO - Pygame cleaned up
03:37:33 - scarred_winds - INFO - Starting Scarred Winds...
03:37:33 - scarred_winds - INFO - Pygame core initialized
03:37:33 - scarred_winds - INFO - Pygame mixer initialized
03:37:33 - scarred_winds - INFO - Pygame font initialized
03:37:33 - scarred_winds - INFO - Loading start_screen...
03:37:36 - scarred_winds - INFO - Loading main_menu...
03:37:38 - scarred_winds - INFO - Game ended.
03:37:38 - scarred_winds - INFO - Pygame cleaned up
03:45:12 - scarred_winds - INFO - Starting Scarred Winds...
03:45:13 - scarred_winds - INFO - Pygame core initialized
03:45:13 - scarred_winds - INFO - Pygame mixer initialized
03:45:13 - scarred_winds - INFO - Pygame font initialized
03:45:13 - scarred_winds - INFO - Loading start_screen...
03:45:18 - scarred_winds - ERROR - Unexpected error: 'OpenSimplex' object has no attribute 'noise2d'
03:45:18 - scarred_winds - INFO - Pygame cleaned up
03:45:26 - scarred_winds - INFO - Starting Scarred Winds...
03:45:27 - scarred_winds - INFO - Pygame core initialized
03:45:27 - scarred_winds - INFO - Pygame mixer initialized
03:45:27 - scarred_winds - INFO - Pygame font initialized
03:45:27 - scarred_winds - INFO - Loading start_screen...
03:46:17 - scarred_winds - INFO - Loading main_menu...
03:46:19 - scarred_winds - INFO - Game ended.
03:46:19 - scarred_winds - INFO - Pygame cleaned up
03:47:59 - scarred_winds - INFO - Starting Scarred Winds...
03:48:00 - scarred_winds - INFO - Pygame core initialized
03:48:00 - scarred_winds - INFO - Pygame mixer initialized
03:48:00 - scarred_winds - INFO - Pygame font initialized
03:48:00 - scarred_winds - INFO - Loading start_screen...
03:48:27 - scarred_winds - INFO - Loading main_menu...
03:48:29 - scarred_winds - INFO - Game ended.
03:48:29 - scarred_winds - INFO - Pygame cleaned up
03:53:20 - scarred_winds - INFO - Starting Scarred Winds...
03:53:21 - scarred_winds - INFO - Pygame core initialized
03:53:21 - scarred_winds - INFO - Pygame mixer initialized
03:53:21 - scarred_winds - INFO - Pygame font initialized
03:53:21 - scarred_winds - INFO - Loading start_screen...
03:53:45 - scarred_winds - INFO - Loading main_menu...
03:53:55 - scarred_winds - INFO - Game ended.
03:53:55 - scarred_winds - INFO - Pygame cleaned up
03:57:13 - scarred_winds - INFO - Starting Scarred Winds...
03:57:14 - scarred_winds - INFO - Pygame core initialized
03:57:14 - scarred_winds - INFO - Pygame mixer initialized
03:57:14 - scarred_winds - INFO - Pygame font initialized
03:57:14 - scarred_winds - INFO - Loading start_screen...
03:57:30 - scarred_winds - INFO - Loading main_menu...
03:57:31 - scarred_winds - INFO - Game ended.
03:57:32 - scarred_winds - INFO - Pygame cleaned up
04:01:03 - scarred_winds - INFO - Starting Scarred Winds...
04:01:04 - scarred_winds - INFO - Pygame core initialized
04:01:04 - scarred_winds - INFO - Pygame mixer initialized
04:01:04 - scarred_winds - INFO - Pygame font initialized
04:01:04 - scarred_winds - INFO - Loading start_screen...
04:01:20 - scarred_winds - INFO - Loading main_menu...
04:01:21 - scarred_winds - INFO - Game ended.
04:01:22 - scarred_winds - INFO - Pygame cleaned up
04:05:40 - scarred_winds - INFO - Starting Scarred Winds...
04:05:41 - scarred_winds - INFO - Pygame core initialized
04:05:41 - scarred_winds - INFO - Pygame mixer initialized
04:05:41 - scarred_winds - INFO - Pygame font initialized
04:05:41 - scarred_winds - INFO - Loading start_screen...
04:06:03 - scarred_winds - INFO - Loading main_menu...
04:06:04 - scarred_winds - INFO - Game ended.
04:06:04 - scarred_winds - INFO - Pygame cleaned up
04:07:31 - scarred_winds - INFO - Starting Scarred Winds...
04:07:32 - scarred_winds - INFO - Pygame core initialized
04:07:32 - scarred_winds - INFO - Pygame mixer initialized
04:07:32 - scarred_winds - INFO - Pygame font initialized
04:07:32 - scarred_winds - INFO - Loading start_screen...
04:07:55 - scarred_winds - INFO - Loading main_menu...
04:07:56 - scarred_winds - INFO - Game ended.
04:07:56 - scarred_winds - INFO - Pygame cleaned up
04:08:39 - scarred_winds - INFO - Starting Scarred Winds...
04:08:39 - scarred_winds - INFO - Pygame core initialized
04:08:39 - scarred_winds - INFO - Pygame mixer initialized
04:08:39 - scarred_winds - INFO - Pygame font initialized
04:08:39 - scarred_winds - INFO - Loading start_screen...
04:08:57 - scarred_winds - INFO - Loading main_menu...
04:08:58 - scarred_winds - INFO - Loading settings screen...
04:08:59 - scarred_winds - INFO - Settings updated: {'master_volume': 70, 'music_volume': 60, 'sfx_volume': 80, 'fullscreen': True, 'vsync': True}
04:08:59 - scarred_winds - INFO - Loading main_menu...
04:09:00 - scarred_winds - INFO - Loading settings screen...
04:09:01 - scarred_winds - INFO - Settings updated: {'master_volume': 70, 'music_volume': 60, 'sfx_volume': 80, 'fullscreen': True, 'vsync': True}
04:09:01 - scarred_winds - INFO - Loading main_menu...
04:09:03 - scarred_winds - INFO - Game ended.
04:09:03 - scarred_winds - INFO - Pygame cleaned up
04:15:43 - scarred_winds - INFO - Starting Scarred Winds...
04:15:44 - scarred_winds - INFO - Pygame core initialized
04:15:44 - scarred_winds - INFO - Pygame mixer initialized
04:15:44 - scarred_winds - INFO - Pygame font initialized
04:15:44 - scarred_winds - INFO - Loading start_screen...
04:16:11 - scarred_winds - INFO - Loading main_menu...
04:16:12 - scarred_winds - INFO - Game ended.
04:16:12 - scarred_winds - INFO - Pygame cleaned up
04:21:07 - scarred_winds - INFO - Starting Scarred Winds...
04:21:08 - scarred_winds - INFO - Pygame core initialized
04:21:08 - scarred_winds - INFO - Pygame mixer initialized
04:21:08 - scarred_winds - INFO - Pygame font initialized
04:21:08 - scarred_winds - INFO - Loading start_screen...
04:21:30 - scarred_winds - INFO - Loading main_menu...
04:21:31 - scarred_winds - INFO - Game ended.
04:21:31 - scarred_winds - INFO - Pygame cleaned up
04:22:11 - scarred_winds - INFO - Starting Scarred Winds...
04:22:12 - scarred_winds - INFO - Pygame core initialized
04:22:12 - scarred_winds - INFO - Pygame mixer initialized
04:22:12 - scarred_winds - INFO - Pygame font initialized
04:22:12 - scarred_winds - INFO - Loading start_screen...
04:22:28 - scarred_winds - INFO - Loading main_menu...
04:22:29 - scarred_winds - INFO - Game ended.
04:22:29 - scarred_winds - INFO - Pygame cleaned up
04:23:24 - scarred_winds - INFO - Starting Scarred Winds...
04:23:24 - scarred_winds - INFO - Pygame core initialized
04:23:24 - scarred_winds - INFO - Pygame mixer initialized
04:23:24 - scarred_winds - INFO - Pygame font initialized
04:23:24 - scarred_winds - INFO - Loading start_screen...
04:23:44 - scarred_winds - INFO - Loading main_menu...
04:23:46 - scarred_winds - INFO - Game ended.
04:23:46 - scarred_winds - INFO - Pygame cleaned up
04:24:11 - scarred_winds - INFO - Starting Scarred Winds...
04:24:12 - scarred_winds - INFO - Pygame core initialized
04:24:12 - scarred_winds - INFO - Pygame mixer initialized
04:24:12 - scarred_winds - INFO - Pygame font initialized
04:24:12 - scarred_winds - INFO - Loading start_screen...
04:24:51 - scarred_winds - INFO - Loading main_menu...
04:24:52 - scarred_winds - INFO - Game ended.
04:24:52 - scarred_winds - INFO - Pygame cleaned up
04:25:26 - scarred_winds - INFO - Starting Scarred Winds...
04:25:27 - scarred_winds - INFO - Pygame core initialized
04:25:27 - scarred_winds - INFO - Pygame mixer initialized
04:25:27 - scarred_winds - INFO - Pygame font initialized
04:25:27 - scarred_winds - INFO - Loading start_screen...
04:25:54 - scarred_winds - INFO - Loading main_menu...
04:25:55 - scarred_winds - INFO - Game ended.
04:25:56 - scarred_winds - INFO - Pygame cleaned up
04:27:15 - scarred_winds - INFO - Starting Scarred Winds...
04:27:16 - scarred_winds - INFO - Pygame core initialized
04:27:16 - scarred_winds - INFO - Pygame mixer initialized
04:27:16 - scarred_winds - INFO - Pygame font initialized
04:27:16 - scarred_winds - INFO - Loading start_screen...
04:27:29 - scarred_winds - INFO - Loading main_menu...
04:27:30 - scarred_winds - INFO - Game ended.
04:27:30 - scarred_winds - INFO - Pygame cleaned up
04:28:45 - scarred_winds - INFO - Starting Scarred Winds...
04:28:46 - scarred_winds - INFO - Pygame core initialized
04:28:46 - scarred_winds - INFO - Pygame mixer initialized
04:28:46 - scarred_winds - INFO - Pygame font initialized
04:28:46 - scarred_winds - INFO - Loading start_screen...
04:28:57 - scarred_winds - INFO - Loading main_menu...
04:29:05 - scarred_winds - INFO - Game ended.
04:29:06 - scarred_winds - INFO - Pygame cleaned up
04:29:35 - scarred_winds - INFO - Starting Scarred Winds...
04:29:36 - scarred_winds - INFO - Pygame core initialized
04:29:36 - scarred_winds - INFO - Pygame mixer initialized
04:29:36 - scarred_winds - INFO - Pygame font initialized
04:29:36 - scarred_winds - INFO - Loading start_screen...
04:29:43 - scarred_winds - INFO - Loading main_menu...
04:29:45 - scarred_winds - INFO - Game ended.
04:29:45 - scarred_winds - INFO - Pygame cleaned up
04:30:20 - scarred_winds - INFO - Starting Scarred Winds...
04:30:20 - scarred_winds - INFO - Pygame core initialized
04:30:20 - scarred_winds - INFO - Pygame mixer initialized
04:30:20 - scarred_winds - INFO - Pygame font initialized
04:30:20 - scarred_winds - INFO - Loading start_screen...
04:31:00 - scarred_winds - INFO - Loading main_menu...
04:31:06 - scarred_winds - INFO - Game ended.
04:31:06 - scarred_winds - INFO - Pygame cleaned up
04:31:45 - scarred_winds - INFO - Starting Scarred Winds...
04:31:46 - scarred_winds - INFO - Pygame core initialized
04:31:46 - scarred_winds - INFO - Pygame mixer initialized
04:31:46 - scarred_winds - INFO - Pygame font initialized
04:31:46 - scarred_winds - INFO - Loading start_screen...
04:31:56 - scarred_winds - INFO - Loading main_menu...
04:31:57 - scarred_winds - INFO - Game ended.
04:31:57 - scarred_winds - INFO - Pygame cleaned up
04:32:25 - scarred_winds - INFO - Starting Scarred Winds...
04:32:25 - scarred_winds - INFO - Pygame core initialized
04:32:25 - scarred_winds - INFO - Pygame mixer initialized
04:32:25 - scarred_winds - INFO - Pygame font initialized
04:32:25 - scarred_winds - INFO - Loading start_screen...
04:32:33 - scarred_winds - INFO - Loading main_menu...
04:32:34 - scarred_winds - INFO - Game ended.
04:32:35 - scarred_winds - INFO - Pygame cleaned up
04:32:56 - scarred_winds - INFO - Starting Scarred Winds...
04:32:57 - scarred_winds - INFO - Pygame core initialized
04:32:57 - scarred_winds - INFO - Pygame mixer initialized
04:32:57 - scarred_winds - INFO - Pygame font initialized
04:32:57 - scarred_winds - INFO - Loading start_screen...
04:33:06 - scarred_winds - INFO - Loading main_menu...
04:33:07 - scarred_winds - INFO - Game ended.
04:33:08 - scarred_winds - INFO - Pygame cleaned up
04:33:21 - scarred_winds - INFO - Starting Scarred Winds...
04:33:22 - scarred_winds - INFO - Pygame core initialized
04:33:22 - scarred_winds - INFO - Pygame mixer initialized
04:33:22 - scarred_winds - INFO - Pygame font initialized
04:33:22 - scarred_winds - INFO - Loading start_screen...
04:33:36 - scarred_winds - INFO - Loading main_menu...
04:33:37 - scarred_winds - INFO - Game ended.
04:33:37 - scarred_winds - INFO - Pygame cleaned up
04:34:27 - scarred_winds - INFO - Starting Scarred Winds...
04:34:28 - scarred_winds - INFO - Pygame core initialized
04:34:28 - scarred_winds - INFO - Pygame mixer initialized
04:34:28 - scarred_winds - INFO - Pygame font initialized
04:34:28 - scarred_winds - INFO - Loading start_screen...
04:34:38 - scarred_winds - INFO - Loading main_menu...
04:34:39 - scarred_winds - INFO - Game ended.
04:34:39 - scarred_winds - INFO - Pygame cleaned up
04:47:16 - scarred_winds - INFO - Starting Scarred Winds...
04:47:17 - scarred_winds - INFO - Pygame core initialized
04:47:17 - scarred_winds - INFO - Pygame mixer initialized
04:47:17 - scarred_winds - INFO - Pygame font initialized
04:47:17 - scarred_winds - INFO - Loading start_screen...
04:47:29 - scarred_winds - INFO - Loading main_menu...
04:47:34 - scarred_winds - INFO - Game ended.
04:47:34 - scarred_winds - INFO - Pygame cleaned up
04:47:58 - scarred_winds - INFO - Starting Scarred Winds...
04:47:59 - scarred_winds - INFO - Pygame core initialized
04:47:59 - scarred_winds - INFO - Pygame mixer initialized
04:47:59 - scarred_winds - INFO - Pygame font initialized
04:47:59 - scarred_winds - INFO - Loading start_screen...
04:48:05 - scarred_winds - INFO - Loading main_menu...
04:48:06 - scarred_winds - INFO - Game ended.
04:48:07 - scarred_winds - INFO - Pygame cleaned up
04:48:31 - scarred_winds - INFO - Starting Scarred Winds...
04:48:32 - scarred_winds - INFO - Pygame core initialized
04:48:32 - scarred_winds - INFO - Pygame mixer initialized
04:48:32 - scarred_winds - INFO - Pygame font initialized
04:48:32 - scarred_winds - INFO - Loading start_screen...
04:48:41 - scarred_winds - INFO - Loading main_menu...
04:48:42 - scarred_winds - INFO - Game ended.
04:48:42 - scarred_winds - INFO - Pygame cleaned up
04:49:03 - scarred_winds - INFO - Starting Scarred Winds...
04:49:03 - scarred_winds - INFO - Pygame core initialized
04:49:03 - scarred_winds - INFO - Pygame mixer initialized
04:49:03 - scarred_winds - INFO - Pygame font initialized
04:49:03 - scarred_winds - INFO - Loading start_screen...
04:49:12 - scarred_winds - INFO - Loading main_menu...
04:49:14 - scarred_winds - INFO - Game ended.
04:49:14 - scarred_winds - INFO - Pygame cleaned up
04:50:51 - scarred_winds - INFO - Starting Scarred Winds...
04:50:52 - scarred_winds - INFO - Pygame core initialized
04:50:52 - scarred_winds - INFO - Pygame mixer initialized
04:50:52 - scarred_winds - INFO - Pygame font initialized
04:50:52 - scarred_winds - INFO - Loading start_screen...
04:51:02 - scarred_winds - ERROR - Unexpected error: 'LetterBurnTransition' object has no attribute 'rect'
04:51:02 - scarred_winds - INFO - Pygame cleaned up
04:51:20 - scarred_winds - INFO - Starting Scarred Winds...
04:51:20 - scarred_winds - INFO - Pygame core initialized
04:51:20 - scarred_winds - INFO - Pygame mixer initialized
04:51:20 - scarred_winds - INFO - Pygame font initialized
04:51:20 - scarred_winds - INFO - Loading start_screen...
04:51:34 - scarred_winds - INFO - Loading main_menu...
04:51:35 - scarred_winds - INFO - Game ended.
04:51:35 - scarred_winds - INFO - Pygame cleaned up
04:52:56 - scarred_winds - INFO - Starting Scarred Winds...
04:52:57 - scarred_winds - INFO - Pygame core initialized
04:52:57 - scarred_winds - INFO - Pygame mixer initialized
04:52:57 - scarred_winds - INFO - Pygame font initialized
04:52:57 - scarred_winds - INFO - Loading start_screen...
04:53:12 - scarred_winds - INFO - Loading main_menu...
04:53:13 - scarred_winds - INFO - Game ended.
04:53:13 - scarred_winds - INFO - Pygame cleaned up
04:55:56 - scarred_winds - INFO - Starting Scarred Winds...
04:55:57 - scarred_winds - INFO - Pygame core initialized
04:55:57 - scarred_winds - INFO - Pygame mixer initialized
04:55:57 - scarred_winds - INFO - Pygame font initialized
04:55:57 - scarred_winds - INFO - Loading start_screen...
04:56:34 - scarred_winds - INFO - Loading main_menu...
04:56:35 - scarred_winds - INFO - Game ended.
04:56:35 - scarred_winds - INFO - Pygame cleaned up
05:01:17 - scarred_winds - INFO - Starting Scarred Winds...
05:01:18 - scarred_winds - INFO - Pygame core initialized
05:01:18 - scarred_winds - INFO - Pygame mixer initialized
05:01:18 - scarred_winds - INFO - Pygame font initialized
05:01:18 - scarred_winds - INFO - Loading start_screen...
05:01:30 - scarred_winds - INFO - Loading main_menu...
05:01:31 - scarred_winds - INFO - Game ended.
05:01:32 - scarred_winds - INFO - Pygame cleaned up
05:02:54 - scarred_winds - INFO - Starting Scarred Winds...
05:02:54 - scarred_winds - INFO - Pygame core initialized
05:02:54 - scarred_winds - INFO - Pygame mixer initialized
05:02:54 - scarred_winds - INFO - Pygame font initialized
05:02:54 - scarred_winds - INFO - Loading start_screen...
05:03:03 - scarred_winds - INFO - Loading main_menu...
05:03:05 - scarred_winds - INFO - Game ended.
05:03:05 - scarred_winds - INFO - Pygame cleaned up
05:03:55 - scarred_winds - INFO - Starting Scarred Winds...
05:03:55 - scarred_winds - INFO - Pygame core initialized
05:03:55 - scarred_winds - INFO - Pygame mixer initialized
05:03:55 - scarred_winds - INFO - Pygame font initialized
05:03:55 - scarred_winds - INFO - Loading start_screen...
05:04:07 - scarred_winds - INFO - Loading main_menu...
05:04:08 - scarred_winds - INFO - Game ended.
05:04:08 - scarred_winds - INFO - Pygame cleaned up
05:04:59 - scarred_winds - INFO - Starting Scarred Winds...
05:04:59 - scarred_winds - INFO - Pygame core initialized
05:04:59 - scarred_winds - INFO - Pygame mixer initialized
05:04:59 - scarred_winds - INFO - Pygame font initialized
05:04:59 - scarred_winds - INFO - Loading start_screen...
05:05:06 - scarred_winds - INFO - Loading main_menu...
05:05:07 - scarred_winds - INFO - Game ended.
05:05:07 - scarred_winds - INFO - Pygame cleaned up
05:09:49 - scarred_winds - INFO - Starting Scarred Winds...
05:09:49 - scarred_winds - INFO - Pygame core initialized
05:09:49 - scarred_winds - INFO - Pygame mixer initialized
05:09:49 - scarred_winds - INFO - Pygame font initialized
05:09:49 - scarred_winds - INFO - Loading start_screen...
05:09:49 - scarred_winds - ERROR - Unexpected error: 'pygame.bufferproxy.BufferProxy' object has no attribute 'astype'
05:09:49 - scarred_winds - INFO - Pygame cleaned up
05:09:52 - scarred_winds - INFO - Starting Scarred Winds...
05:09:52 - scarred_winds - INFO - Pygame core initialized
05:09:52 - scarred_winds - INFO - Pygame mixer initialized
05:09:52 - scarred_winds - INFO - Pygame font initialized
05:09:52 - scarred_winds - INFO - Loading start_screen...
05:09:52 - scarred_winds - ERROR - Unexpected error: 'pygame.bufferproxy.BufferProxy' object has no attribute 'astype'
05:09:52 - scarred_winds - INFO - Pygame cleaned up
05:10:42 - scarred_winds - INFO - Starting Scarred Winds...
05:10:42 - scarred_winds - INFO - Pygame core initialized
05:10:42 - scarred_winds - INFO - Pygame mixer initialized
05:10:42 - scarred_winds - INFO - Pygame font initialized
05:10:42 - scarred_winds - INFO - Loading start_screen...
05:10:43 - scarred_winds - ERROR - Unexpected error: 'pygame.bufferproxy.BufferProxy' object has no attribute 'astype'
05:10:43 - scarred_winds - INFO - Pygame cleaned up
05:11:13 - scarred_winds - INFO - Starting Scarred Winds...
05:11:14 - scarred_winds - INFO - Pygame core initialized
05:11:14 - scarred_winds - INFO - Pygame mixer initialized
05:11:14 - scarred_winds - INFO - Pygame font initialized
05:11:14 - scarred_winds - INFO - Loading start_screen...
05:11:15 - scarred_winds - ERROR - Unexpected error: 'pygame.bufferproxy.BufferProxy' object has no attribute 'astype'
05:11:15 - scarred_winds - INFO - Pygame cleaned up
05:11:24 - scarred_winds - INFO - Starting Scarred Winds...
05:11:24 - scarred_winds - INFO - Pygame core initialized
05:11:24 - scarred_winds - INFO - Pygame mixer initialized
05:11:24 - scarred_winds - INFO - Pygame font initialized
05:11:24 - scarred_winds - INFO - Loading start_screen...
05:11:25 - scarred_winds - ERROR - Unexpected error: 'Letter' object is not subscriptable
05:11:25 - scarred_winds - INFO - Pygame cleaned up
05:11:34 - scarred_winds - INFO - Starting Scarred Winds...
05:11:34 - scarred_winds - INFO - Pygame core initialized
05:11:34 - scarred_winds - INFO - Pygame mixer initialized
05:11:34 - scarred_winds - INFO - Pygame font initialized
05:11:34 - scarred_winds - INFO - Loading start_screen...
05:11:35 - scarred_winds - ERROR - Unexpected error: 'pygame.bufferproxy.BufferProxy' object has no attribute 'astype'
05:11:35 - scarred_winds - INFO - Pygame cleaned up
05:11:42 - scarred_winds - INFO - Starting Scarred Winds...
05:11:42 - scarred_winds - INFO - Pygame core initialized
05:11:42 - scarred_winds - INFO - Pygame mixer initialized
05:11:42 - scarred_winds - INFO - Pygame font initialized
05:11:42 - scarred_winds - INFO - Loading start_screen...
05:12:11 - scarred_winds - INFO - Loading main_menu...
05:12:12 - scarred_winds - ERROR - Unexpected error: 'Letter' object is not subscriptable
05:12:12 - scarred_winds - INFO - Pygame cleaned up
05:12:20 - scarred_winds - INFO - Starting Scarred Winds...
05:12:20 - scarred_winds - INFO - Pygame core initialized
05:12:20 - scarred_winds - INFO - Pygame mixer initialized
05:12:20 - scarred_winds - INFO - Pygame font initialized
05:12:20 - scarred_winds - INFO - Loading start_screen...
05:12:44 - scarred_winds - INFO - Loading main_menu...
05:12:45 - scarred_winds - INFO - Game ended.
05:12:45 - scarred_winds - INFO - Pygame cleaned up
05:13:43 - scarred_winds - INFO - Starting Scarred Winds...
05:13:43 - scarred_winds - INFO - Pygame core initialized
05:13:43 - scarred_winds - INFO - Pygame mixer initialized
05:13:43 - scarred_winds - INFO - Pygame font initialized
05:13:43 - scarred_winds - INFO - Loading start_screen...
05:14:46 - scarred_winds - INFO - Loading main_menu...
05:14:47 - scarred_winds - INFO - Game ended.
05:14:47 - scarred_winds - INFO - Pygame cleaned up
05:16:52 - scarred_winds - INFO - Starting Scarred Winds...
05:16:53 - scarred_winds - INFO - Pygame core initialized
05:16:53 - scarred_winds - INFO - Pygame mixer initialized
05:16:53 - scarred_winds - INFO - Pygame font initialized
05:16:53 - scarred_winds - INFO - Loading start_screen...
05:17:20 - scarred_winds - INFO - Loading main_menu...
05:17:23 - scarred_winds - INFO - Game ended.
05:17:23 - scarred_winds - INFO - Pygame cleaned up
05:37:36 - scarred_winds - INFO - Starting Scarred Winds...
05:37:37 - scarred_winds - INFO - Pygame core initialized
05:37:37 - scarred_winds - INFO - Pygame mixer initialized
05:37:37 - scarred_winds - INFO - Pygame font initialized
05:37:37 - scarred_winds - INFO - Loading start_screen...
05:38:03 - scarred_winds - INFO - Loading main_menu...
05:38:05 - scarred_winds - INFO - Game ended.
05:38:05 - scarred_winds - INFO - Pygame cleaned up
05:47:40 - scarred_winds - INFO - Starting Scarred Winds...
05:47:41 - scarred_winds - INFO - Pygame core initialized
05:47:41 - scarred_winds - INFO - Pygame mixer initialized
05:47:41 - scarred_winds - INFO - Pygame font initialized
05:47:41 - scarred_winds - INFO - Loading start_screen...
05:47:46 - scarred_winds - INFO - Loading main_menu...
05:48:02 - scarred_winds - INFO - New Game selected - loading character creation...
05:48:02 - scarred_winds - INFO - Loading character_creation...
05:48:04 - scarred_winds - INFO - Loading name_gender_entry...
05:48:21 - scarred_winds - INFO - Loading main_menu...
05:48:24 - scarred_winds - INFO - Loading settings screen...
05:48:29 - scarred_winds - INFO - Settings updated: {'master_volume': 76.5, 'music_volume': 84.75, 'sfx_volume': 80, 'fullscreen': True, 'vsync': True}
05:48:29 - scarred_winds - INFO - Loading main_menu...
05:48:34 - scarred_winds - INFO - Loading settings screen...
05:48:42 - scarred_winds - INFO - Settings updated: {'master_volume': 100, 'music_volume': 100, 'sfx_volume': 83.25, 'fullscreen': True, 'vsync': True}
05:48:42 - scarred_winds - INFO - Loading main_menu...
05:48:44 - scarred_winds - INFO - Loading settings screen...
05:48:44 - scarred_winds - INFO - Settings updated: {'master_volume': 70, 'music_volume': 60, 'sfx_volume': 80, 'fullscreen': True, 'vsync': True}
05:48:44 - scarred_winds - INFO - Loading main_menu...
05:48:45 - scarred_winds - INFO - Game ended.
05:48:45 - scarred_winds - INFO - Pygame cleaned up
05:51:12 - scarred_winds - INFO - Starting Scarred Winds...
05:51:13 - scarred_winds - INFO - Pygame core initialized
05:51:13 - scarred_winds - INFO - Pygame mixer initialized
05:51:13 - scarred_winds - INFO - Pygame font initialized
05:51:13 - scarred_winds - INFO - Loading start_screen...
05:51:18 - scarred_winds - INFO - Loading main_menu...
05:51:19 - scarred_winds - INFO - Loading settings screen...
05:51:21 - scarred_winds - INFO - Settings updated: {'master_volume': 70, 'music_volume': 60, 'sfx_volume': 80, 'fullscreen': True, 'vsync': True}
05:51:21 - scarred_winds - INFO - Loading main_menu...
05:51:24 - scarred_winds - INFO - New Game selected - loading character creation...
05:51:24 - scarred_winds - INFO - Loading character_creation...
05:51:26 - scarred_winds - INFO - Loading name_gender_entry...
05:51:30 - scarred_winds - INFO - Loading main_menu...
05:51:31 - scarred_winds - INFO - Game ended.
05:51:32 - scarred_winds - INFO - Pygame cleaned up
05:54:46 - scarred_winds - INFO - Starting Scarred Winds...
05:54:47 - scarred_winds - INFO - Pygame core initialized
05:54:47 - scarred_winds - INFO - Pygame mixer initialized
05:54:47 - scarred_winds - INFO - Pygame font initialized
05:54:47 - scarred_winds - INFO - Loading start_screen...
05:54:54 - scarred_winds - INFO - Loading main_menu...
05:55:10 - scarred_winds - INFO - Loading settings screen...
05:55:12 - scarred_winds - INFO - Settings updated: {'master_volume': 70, 'music_volume': 60, 'sfx_volume': 80, 'fullscreen': True, 'vsync': True}
05:55:12 - scarred_winds - INFO - Loading main_menu...
05:55:13 - scarred_winds - INFO - New Game selected - loading character creation...
05:55:13 - scarred_winds - INFO - Loading character_creation...
05:55:16 - scarred_winds - INFO - Loading name_gender_entry...
05:55:19 - scarred_winds - INFO - Loading main_menu...
05:55:21 - scarred_winds - INFO - Game ended.
05:55:21 - scarred_winds - INFO - Pygame cleaned up
06:03:18 - scarred_winds - INFO - Starting Scarred Winds...
06:03:19 - scarred_winds - INFO - Pygame core initialized
06:03:19 - scarred_winds - INFO - Pygame mixer initialized
06:03:19 - scarred_winds - INFO - Pygame font initialized
06:03:19 - scarred_winds - INFO - Loading start_screen...
06:03:21 - scarred_winds - INFO - Saved burning text state: SCARRED WINDS
06:03:21 - scarred_winds - INFO - Loading main_menu...
06:03:21 - scarred_winds - INFO - Restored burning text state: SCARRED WINDS
06:03:22 - scarred_winds - INFO - Saved burning text state: SCARRED WINDS
06:03:22 - scarred_winds - INFO - New Game selected - loading character creation...
06:03:22 - scarred_winds - INFO - Loading character_creation...
06:03:25 - scarred_winds - INFO - Loading name_gender_entry...
06:03:28 - scarred_winds - INFO - Loading main_menu...
06:03:28 - scarred_winds - INFO - Restored burning text state: SCARRED WINDS
06:03:30 - scarred_winds - INFO - Saved burning text state: SCARRED WINDS
06:03:30 - scarred_winds - INFO - Continue selected - placeholder for save loading
06:03:30 - scarred_winds - INFO - Game ended.
06:03:30 - scarred_winds - INFO - Pygame cleaned up
06:05:28 - scarred_winds - INFO - Starting Scarred Winds...
06:05:29 - scarred_winds - INFO - Pygame core initialized
06:05:29 - scarred_winds - INFO - Pygame mixer initialized
06:05:29 - scarred_winds - INFO - Pygame font initialized
06:05:29 - scarred_winds - INFO - Loading start_screen...
06:05:32 - scarred_winds - INFO - Saved burning text state: SCARRED WINDS
06:05:32 - scarred_winds - INFO - Loading main_menu...
06:05:32 - scarred_winds - INFO - Restored burning text state: SCARRED WINDS
06:05:33 - scarred_winds - INFO - Saved burning text state: SCARRED WINDS
06:05:33 - scarred_winds - INFO - New Game selected - loading character creation...
06:05:33 - scarred_winds - INFO - Loading character_creation...
06:05:36 - scarred_winds - INFO - Loading name_gender_entry...
06:05:39 - scarred_winds - INFO - Loading main_menu...
06:05:39 - scarred_winds - INFO - Restored burning text state: SCARRED WINDS
06:05:41 - scarred_winds - INFO - Saved burning text state: SCARRED WINDS
06:05:41 - scarred_winds - INFO - Game ended.
06:05:41 - scarred_winds - INFO - Pygame cleaned up
06:06:34 - scarred_winds - INFO - Starting Scarred Winds...
06:06:35 - scarred_winds - INFO - Pygame core initialized
06:06:35 - scarred_winds - INFO - Pygame mixer initialized
06:06:35 - scarred_winds - INFO - Pygame font initialized
06:06:35 - scarred_winds - INFO - Loading start_screen...
06:06:38 - scarred_winds - INFO - Saved burning text state: SCARRED WINDS
06:06:38 - scarred_winds - INFO - Loading main_menu...
06:06:38 - scarred_winds - INFO - Restored burning text state: SCARRED WINDS
06:06:46 - scarred_winds - INFO - Saved burning text state: SCARRED WINDS
06:06:46 - scarred_winds - INFO - New Game selected - loading character creation...
06:06:46 - scarred_winds - INFO - Loading character_creation...
06:06:48 - scarred_winds - INFO - Loading name_gender_entry...
06:06:51 - scarred_winds - INFO - Loading bedroom...
06:06:51 - scarred_winds - INFO - Loaded asset: damaged_wood_tile.png
06:06:51 - scarred_winds - INFO - Loaded asset: damaged_bed.png
06:06:51 - scarred_winds - INFO - Loaded asset: damaged_bookshelf.png
06:06:51 - scarred_winds - INFO - Loaded asset: wood_chest.png
06:06:51 - scarred_winds - INFO - Loaded asset: calendar.png
06:06:51 - scarred_winds - INFO - Loaded asset: rug_tile.png
06:06:51 - scarred_winds - INFO - Bedroom assets loaded successfully
06:06:51 - scarred_winds - INFO - Room floor created
06:06:51 - scarred_winds - INFO - Created 5 interactable objects
06:06:51 - scarred_winds - INFO - Bedroom scene started
06:06:51 - scarred_winds - INFO - Dialogue: You slowly open your eyes. Another day in this cold, dark world...
06:06:56 - scarred_winds - INFO - Interacting with: Calendar
06:06:56 - scarred_winds - INFO - Dialogue: Tomorrow is the 26th. Exile Day. One villager chosen by vote... sent away to die.
06:06:59 - scarred_winds - INFO - Interacting with: Bed
06:06:59 - scarred_winds - INFO - Dialogue: You touch the rough sheets. How many nights have you spent here, staring at nothing?
06:07:01 - scarred_winds - INFO - Interacting with: Bed
06:07:01 - scarred_winds - INFO - Dialogue: You touch the rough sheets. How many nights have you spent here, staring at nothing?
06:07:01 - scarred_winds - INFO - Interacting with: Bed
06:07:01 - scarred_winds - INFO - Dialogue: You touch the rough sheets. How many nights have you spent here, staring at nothing?
06:07:02 - scarred_winds - INFO - Interacting with: Bed
06:07:02 - scarred_winds - INFO - Dialogue: You touch the rough sheets. How many nights have you spent here, staring at nothing?
06:07:03 - scarred_winds - INFO - Interacting with: Calendar
06:07:03 - scarred_winds - INFO - Dialogue: Tomorrow is the 26th. Exile Day. One villager chosen by vote... sent away to die.
06:07:04 - scarred_winds - INFO - Interacting with: Photo Frame
06:07:04 - scarred_winds - INFO - Dialogue: No photo. No family. No past. You are alone. You have always been alone.
06:07:05 - scarred_winds - INFO - Interacting with: Photo Frame
06:07:05 - scarred_winds - INFO - Dialogue: No photo. No family. No past. You are alone. You have always been alone.
06:07:05 - scarred_winds - INFO - Interacting with: Photo Frame
06:07:05 - scarred_winds - INFO - Dialogue: No photo. No family. No past. You are alone. You have always been alone.
06:07:08 - scarred_winds - INFO - Interacting with: Calendar
06:07:08 - scarred_winds - INFO - Dialogue: Tomorrow is the 26th. Exile Day. One villager chosen by vote... sent away to die.
06:07:08 - scarred_winds - INFO - Interacting with: Calendar
06:07:08 - scarred_winds - INFO - Dialogue: Tomorrow is the 26th. Exile Day. One villager chosen by vote... sent away to die.
06:07:14 - scarred_winds - INFO - Interacting with: Bed
06:07:14 - scarred_winds - INFO - Dialogue: You touch the rough sheets. How many nights have you spent here, staring at nothing?
06:07:14 - scarred_winds - INFO - Interacting with: Bed
06:07:14 - scarred_winds - INFO - Dialogue: You touch the rough sheets. How many nights have you spent here, staring at nothing?
06:07:14 - scarred_winds - INFO - Interacting with: Bed
06:07:14 - scarred_winds - INFO - Dialogue: You touch the rough sheets. How many nights have you spent here, staring at nothing?
06:07:15 - scarred_winds - INFO - Interacting with: Bed
06:07:15 - scarred_winds - INFO - Dialogue: You touch the rough sheets. How many nights have you spent here, staring at nothing?
06:07:17 - scarred_winds - INFO - Bedroom scene ended
06:07:17 - scarred_winds - ERROR - Unknown scene: village_exterior
06:07:17 - scarred_winds - INFO - Game ended.
06:07:18 - scarred_winds - INFO - Pygame cleaned up
